<?xml version="1.0" encoding="UTF-8"?>
<!-- Generated by org.testng.reporters.JUnitReportReporter -->
<testsuite hostname="DESKTOP-NQO6M38" failures="0" tests="4" name="api.test.UserTests2" time="9.505" errors="0" timestamp="2024-07-21T12:03:12 IST" skipped="0">
  <testcase classname="api.test.UserTests2" name="testPostUser" time="3.466"/>
  <system-out/>
  <testcase classname="api.test.UserTests2" name="testGetUserByUsername" time="1.635"/>
  <system-out/>
  <testcase classname="api.test.UserTests2" name="testUpdateUserByUsername" time="2.955"/>
  <system-out/>
  <testcase classname="api.test.UserTests2" name="testDeleteUserByUsername" time="1.449"/>
  <system-out/>
</testsuite> <!-- api.test.UserTests2 -->
